2020-09-30T19:34:22.477Z - error: Rendering request 34 finished with error in 5 ms
2020-09-30T19:34:22.478Z - error: Error when processing render request 34 Asset practice-01.css not found Error: Asset practice-01.css not found
    at readAsset (C:\Users\PeRsO\Desktop\jsreportapp\node_modules\jsreport-assets\lib\assets.js:218:15)
2020-09-30T19:34:22.478Z - error: Error during processing request at http://localhost:8001/api/report/Practice%2001
2020-09-30T19:34:46.014Z - error: Error when processing OData POST: /odata/templates Error: Entity with name "Practice 01" already exists at the root level.
    at module.exports (C:\Users\PeRsO\Desktop\jsreportapp\node_modules\jsreport-core\lib\util\createError.js:11:13)
    at Reporter.createError (C:\Users\PeRsO\Desktop\jsreportapp\node_modules\jsreport-core\lib\reporter.js:332:12)
    at validateDuplicatedName (C:\Users\PeRsO\Desktop\jsreportapp\node_modules\jsreport-core\lib\folders\validateDuplicatedName.js:87:20)
2020-10-01T02:43:25.689Z - error: Error during processing request at http://localhost:8001/api/report/data, details: SyntaxError: Unexpected string in JSON at position 129
    at JSON.parse (<anonymous>)
    at normalizeJSONData (C:\Users\PeRsO\Desktop\Nueva carpeta\jsreportapp\node_modules\jsreport-core\lib\render\request.js:48:17)
    at module.exports (C:\Users\PeRsO\Desktop\Nueva carpeta\jsreportapp\node_modules\jsreport-core\lib\render\request.js:31:23)
    at module.exports (C:\Users\PeRsO\Desktop\Nueva carpeta\jsreportapp\node_modules\jsreport-core\lib\render\render.js:115:19)
    at Reporter.render (C:\Users\PeRsO\Desktop\Nueva carpeta\jsreportapp\node_modules\jsreport-core\lib\reporter.js:324:12)
    at Object.reporter.express.render (C:\Users\PeRsO\Desktop\Nueva carpeta\jsreportapp\node_modules\jsreport-express\lib\routes.js:42:14)
    at C:\Users\PeRsO\Desktop\Nueva carpeta\jsreportapp\node_modules\jsreport-express\lib\routes.js:75:22
    at Layer.handle [as handle_request] (C:\Users\PeRsO\Desktop\Nueva carpeta\jsreportapp\node_modules\express\lib\router\layer.js:95:5)
    at next (C:\Users\PeRsO\Desktop\Nueva carpeta\jsreportapp\node_modules\express\lib\router\route.js:137:13)
    at Route.dispatch (C:\Users\PeRsO\Desktop\Nueva carpeta\jsreportapp\node_modules\express\lib\router\route.js:112:3)
    at Layer.handle [as handle_request] (C:\Users\PeRsO\Desktop\Nueva carpeta\jsreportapp\node_modules\express\lib\router\layer.js:95:5)
    at C:\Users\PeRsO\Desktop\Nueva carpeta\jsreportapp\node_modules\express\lib\router\index.js:281:22
    at param (C:\Users\PeRsO\Desktop\Nueva carpeta\jsreportapp\node_modules\express\lib\router\index.js:354:14)
    at param (C:\Users\PeRsO\Desktop\Nueva carpeta\jsreportapp\node_modules\express\lib\router\index.js:365:14)
    at Function.process_params (C:\Users\PeRsO\Desktop\Nueva carpeta\jsreportapp\node_modules\express\lib\router\index.js:410:3)
    at next (C:\Users\PeRsO\Desktop\Nueva carpeta\jsreportapp\node_modules\express\lib\router\index.js:275:10)
    at C:\Users\PeRsO\Desktop\Nueva carpeta\jsreportapp\node_modules\jsreport-express\lib\routes.js:17:5
    at Layer.handle [as handle_request] (C:\Users\PeRsO\Desktop\Nueva carpeta\jsreportapp\node_modules\express\lib\router\layer.js:95:5)
    at trim_prefix (C:\Users\PeRsO\Desktop\Nueva carpeta\jsreportapp\node_modules\express\lib\router\index.js:317:13)
    at C:\Users\PeRsO\Desktop\Nueva carpeta\jsreportapp\node_modules\express\lib\router\index.js:284:7
    at Function.process_params (C:\Users\PeRsO\Desktop\Nueva carpeta\jsreportapp\node_modules\express\lib\router\index.js:335:12)
    at next (C:\Users\PeRsO\Desktop\Nueva carpeta\jsreportapp\node_modules\express\lib\router\index.js:275:10)
    at C:\Users\PeRsO\Desktop\Nueva carpeta\jsreportapp\node_modules\jsreport-studio\lib\studio.js:85:7
    at Layer.handle [as handle_request] (C:\Users\PeRsO\Desktop\Nueva carpeta\jsreportapp\node_modules\express\lib\router\layer.js:95:5)
    at trim_prefix (C:\Users\PeRsO\Desktop\Nueva carpeta\jsreportapp\node_modules\express\lib\router\index.js:317:13)
    at C:\Users\PeRsO\Desktop\Nueva carpeta\jsreportapp\node_modules\express\lib\router\index.js:284:7
    at Function.process_params (C:\Users\PeRsO\Desktop\Nueva carpeta\jsreportapp\node_modules\express\lib\router\index.js:335:12)
    at next (C:\Users\PeRsO\Desktop\Nueva carpeta\jsreportapp\node_modules\express\lib\router\index.js:275:10)
    at C:\Users\PeRsO\Desktop\Nueva carpeta\jsreportapp\node_modules\jsreport-express\lib\reporter.express.js:188:5
    at Layer.handle [as handle_request] (C:\Users\PeRsO\Desktop\Nueva carpeta\jsreportapp\node_modules\express\lib\router\layer.js:95:5)
    at trim_prefix (C:\Users\PeRsO\Desktop\Nueva carpeta\jsreportapp\node_modules\express\lib\router\index.js:317:13)
    at C:\Users\PeRsO\Desktop\Nueva carpeta\jsreportapp\node_modules\express\lib\router\index.js:284:7
    at Function.process_params (C:\Users\PeRsO\Desktop\Nueva carpeta\jsreportapp\node_modules\express\lib\router\index.js:335:12)
    at next (C:\Users\PeRsO\Desktop\Nueva carpeta\jsreportapp\node_modules\express\lib\router\index.js:275:10)
    at cors (C:\Users\PeRsO\Desktop\Nueva carpeta\jsreportapp\node_modules\cors\lib\index.js:188:7)
    at C:\Users\PeRsO\Desktop\Nueva carpeta\jsreportapp\node_modules\cors\lib\index.js:224:17
    at originCallback (C:\Users\PeRsO\Desktop\Nueva carpeta\jsreportapp\node_modules\cors\lib\index.js:214:15)
    at C:\Users\PeRsO\Desktop\Nueva carpeta\jsreportapp\node_modules\cors\lib\index.js:219:13
    at optionsCallback (C:\Users\PeRsO\Desktop\Nueva carpeta\jsreportapp\node_modules\cors\lib\index.js:199:9)
    at corsMiddleware (C:\Users\PeRsO\Desktop\Nueva carpeta\jsreportapp\node_modules\cors\lib\index.js:204:7)
2020-10-01T05:50:48.222Z - error: Error when processing OData PATCH: /odata/data(VkoccyjZ1b1DQQK4) Error: Entity (_id: VkoccyjZ1b1DQQK4) was modified previously by another source
    at module.exports (C:\Users\PeRsO\Desktop\jsreportapp\node_modules\jsreport-core\lib\util\createError.js:11:13)
    at Reporter.createError (C:\Users\PeRsO\Desktop\jsreportapp\node_modules\jsreport-core\lib\reporter.js:332:12)
    at AsyncFunction.<anonymous> (C:\Users\PeRsO\Desktop\jsreportapp\node_modules\jsreport-studio\lib\studio.js:468:30)
2020-10-01T05:50:48.411Z - error: Error when processing OData PATCH: /odata/data(VkoccyjZ1b1DQQK4) Error: Entity (_id: VkoccyjZ1b1DQQK4) was modified previously by another source
    at module.exports (C:\Users\PeRsO\Desktop\jsreportapp\node_modules\jsreport-core\lib\util\createError.js:11:13)
    at Reporter.createError (C:\Users\PeRsO\Desktop\jsreportapp\node_modules\jsreport-core\lib\reporter.js:332:12)
    at AsyncFunction.<anonymous> (C:\Users\PeRsO\Desktop\jsreportapp\node_modules\jsreport-studio\lib\studio.js:468:30)
2020-10-01T07:58:03.720Z - error: Error during processing request at http://localhost:8001/api/report/data, details: SyntaxError: Unexpected token } in JSON at position 560
    at JSON.parse (<anonymous>)
    at normalizeJSONData (C:\Users\PeRsO\Desktop\jsreportapp\node_modules\jsreport-core\lib\render\request.js:48:17)
    at module.exports (C:\Users\PeRsO\Desktop\jsreportapp\node_modules\jsreport-core\lib\render\request.js:31:23)
    at module.exports (C:\Users\PeRsO\Desktop\jsreportapp\node_modules\jsreport-core\lib\render\render.js:115:19)
    at Reporter.render (C:\Users\PeRsO\Desktop\jsreportapp\node_modules\jsreport-core\lib\reporter.js:324:12)
    at Object.reporter.express.render (C:\Users\PeRsO\Desktop\jsreportapp\node_modules\jsreport-express\lib\routes.js:42:14)
    at C:\Users\PeRsO\Desktop\jsreportapp\node_modules\jsreport-express\lib\routes.js:75:22
    at Layer.handle [as handle_request] (C:\Users\PeRsO\Desktop\jsreportapp\node_modules\express\lib\router\layer.js:95:5)
    at next (C:\Users\PeRsO\Desktop\jsreportapp\node_modules\express\lib\router\route.js:137:13)
    at Route.dispatch (C:\Users\PeRsO\Desktop\jsreportapp\node_modules\express\lib\router\route.js:112:3)
    at Layer.handle [as handle_request] (C:\Users\PeRsO\Desktop\jsreportapp\node_modules\express\lib\router\layer.js:95:5)
    at C:\Users\PeRsO\Desktop\jsreportapp\node_modules\express\lib\router\index.js:281:22
    at param (C:\Users\PeRsO\Desktop\jsreportapp\node_modules\express\lib\router\index.js:354:14)
    at param (C:\Users\PeRsO\Desktop\jsreportapp\node_modules\express\lib\router\index.js:365:14)
    at Function.process_params (C:\Users\PeRsO\Desktop\jsreportapp\node_modules\express\lib\router\index.js:410:3)
    at next (C:\Users\PeRsO\Desktop\jsreportapp\node_modules\express\lib\router\index.js:275:10)
    at C:\Users\PeRsO\Desktop\jsreportapp\node_modules\jsreport-express\lib\routes.js:17:5
    at Layer.handle [as handle_request] (C:\Users\PeRsO\Desktop\jsreportapp\node_modules\express\lib\router\layer.js:95:5)
    at trim_prefix (C:\Users\PeRsO\Desktop\jsreportapp\node_modules\express\lib\router\index.js:317:13)
    at C:\Users\PeRsO\Desktop\jsreportapp\node_modules\express\lib\router\index.js:284:7
    at Function.process_params (C:\Users\PeRsO\Desktop\jsreportapp\node_modules\express\lib\router\index.js:335:12)
    at next (C:\Users\PeRsO\Desktop\jsreportapp\node_modules\express\lib\router\index.js:275:10)
    at C:\Users\PeRsO\Desktop\jsreportapp\node_modules\jsreport-studio\lib\studio.js:85:7
    at Layer.handle [as handle_request] (C:\Users\PeRsO\Desktop\jsreportapp\node_modules\express\lib\router\layer.js:95:5)
    at trim_prefix (C:\Users\PeRsO\Desktop\jsreportapp\node_modules\express\lib\router\index.js:317:13)
    at C:\Users\PeRsO\Desktop\jsreportapp\node_modules\express\lib\router\index.js:284:7
    at Function.process_params (C:\Users\PeRsO\Desktop\jsreportapp\node_modules\express\lib\router\index.js:335:12)
    at next (C:\Users\PeRsO\Desktop\jsreportapp\node_modules\express\lib\router\index.js:275:10)
    at C:\Users\PeRsO\Desktop\jsreportapp\node_modules\jsreport-express\lib\reporter.express.js:188:5
    at Layer.handle [as handle_request] (C:\Users\PeRsO\Desktop\jsreportapp\node_modules\express\lib\router\layer.js:95:5)
    at trim_prefix (C:\Users\PeRsO\Desktop\jsreportapp\node_modules\express\lib\router\index.js:317:13)
    at C:\Users\PeRsO\Desktop\jsreportapp\node_modules\express\lib\router\index.js:284:7
    at Function.process_params (C:\Users\PeRsO\Desktop\jsreportapp\node_modules\express\lib\router\index.js:335:12)
    at next (C:\Users\PeRsO\Desktop\jsreportapp\node_modules\express\lib\router\index.js:275:10)
    at cors (C:\Users\PeRsO\Desktop\jsreportapp\node_modules\cors\lib\index.js:188:7)
    at C:\Users\PeRsO\Desktop\jsreportapp\node_modules\cors\lib\index.js:224:17
    at originCallback (C:\Users\PeRsO\Desktop\jsreportapp\node_modules\cors\lib\index.js:214:15)
    at C:\Users\PeRsO\Desktop\jsreportapp\node_modules\cors\lib\index.js:219:13
    at optionsCallback (C:\Users\PeRsO\Desktop\jsreportapp\node_modules\cors\lib\index.js:199:9)
    at corsMiddleware (C:\Users\PeRsO\Desktop\jsreportapp\node_modules\cors\lib\index.js:204:7)
2020-10-01T07:58:18.407Z - error: Error during processing request at http://localhost:8001/api/report/data, details: SyntaxError: Unexpected token } in JSON at position 560
    at JSON.parse (<anonymous>)
    at normalizeJSONData (C:\Users\PeRsO\Desktop\jsreportapp\node_modules\jsreport-core\lib\render\request.js:48:17)
    at module.exports (C:\Users\PeRsO\Desktop\jsreportapp\node_modules\jsreport-core\lib\render\request.js:31:23)
    at module.exports (C:\Users\PeRsO\Desktop\jsreportapp\node_modules\jsreport-core\lib\render\render.js:115:19)
    at Reporter.render (C:\Users\PeRsO\Desktop\jsreportapp\node_modules\jsreport-core\lib\reporter.js:324:12)
    at Object.reporter.express.render (C:\Users\PeRsO\Desktop\jsreportapp\node_modules\jsreport-express\lib\routes.js:42:14)
    at C:\Users\PeRsO\Desktop\jsreportapp\node_modules\jsreport-express\lib\routes.js:75:22
    at Layer.handle [as handle_request] (C:\Users\PeRsO\Desktop\jsreportapp\node_modules\express\lib\router\layer.js:95:5)
    at next (C:\Users\PeRsO\Desktop\jsreportapp\node_modules\express\lib\router\route.js:137:13)
    at Route.dispatch (C:\Users\PeRsO\Desktop\jsreportapp\node_modules\express\lib\router\route.js:112:3)
    at Layer.handle [as handle_request] (C:\Users\PeRsO\Desktop\jsreportapp\node_modules\express\lib\router\layer.js:95:5)
    at C:\Users\PeRsO\Desktop\jsreportapp\node_modules\express\lib\router\index.js:281:22
    at param (C:\Users\PeRsO\Desktop\jsreportapp\node_modules\express\lib\router\index.js:354:14)
    at param (C:\Users\PeRsO\Desktop\jsreportapp\node_modules\express\lib\router\index.js:365:14)
    at Function.process_params (C:\Users\PeRsO\Desktop\jsreportapp\node_modules\express\lib\router\index.js:410:3)
    at next (C:\Users\PeRsO\Desktop\jsreportapp\node_modules\express\lib\router\index.js:275:10)
    at C:\Users\PeRsO\Desktop\jsreportapp\node_modules\jsreport-express\lib\routes.js:17:5
    at Layer.handle [as handle_request] (C:\Users\PeRsO\Desktop\jsreportapp\node_modules\express\lib\router\layer.js:95:5)
    at trim_prefix (C:\Users\PeRsO\Desktop\jsreportapp\node_modules\express\lib\router\index.js:317:13)
    at C:\Users\PeRsO\Desktop\jsreportapp\node_modules\express\lib\router\index.js:284:7
    at Function.process_params (C:\Users\PeRsO\Desktop\jsreportapp\node_modules\express\lib\router\index.js:335:12)
    at next (C:\Users\PeRsO\Desktop\jsreportapp\node_modules\express\lib\router\index.js:275:10)
    at C:\Users\PeRsO\Desktop\jsreportapp\node_modules\jsreport-studio\lib\studio.js:85:7
    at Layer.handle [as handle_request] (C:\Users\PeRsO\Desktop\jsreportapp\node_modules\express\lib\router\layer.js:95:5)
    at trim_prefix (C:\Users\PeRsO\Desktop\jsreportapp\node_modules\express\lib\router\index.js:317:13)
    at C:\Users\PeRsO\Desktop\jsreportapp\node_modules\express\lib\router\index.js:284:7
    at Function.process_params (C:\Users\PeRsO\Desktop\jsreportapp\node_modules\express\lib\router\index.js:335:12)
    at next (C:\Users\PeRsO\Desktop\jsreportapp\node_modules\express\lib\router\index.js:275:10)
    at C:\Users\PeRsO\Desktop\jsreportapp\node_modules\jsreport-express\lib\reporter.express.js:188:5
    at Layer.handle [as handle_request] (C:\Users\PeRsO\Desktop\jsreportapp\node_modules\express\lib\router\layer.js:95:5)
    at trim_prefix (C:\Users\PeRsO\Desktop\jsreportapp\node_modules\express\lib\router\index.js:317:13)
    at C:\Users\PeRsO\Desktop\jsreportapp\node_modules\express\lib\router\index.js:284:7
    at Function.process_params (C:\Users\PeRsO\Desktop\jsreportapp\node_modules\express\lib\router\index.js:335:12)
    at next (C:\Users\PeRsO\Desktop\jsreportapp\node_modules\express\lib\router\index.js:275:10)
    at cors (C:\Users\PeRsO\Desktop\jsreportapp\node_modules\cors\lib\index.js:188:7)
    at C:\Users\PeRsO\Desktop\jsreportapp\node_modules\cors\lib\index.js:224:17
    at originCallback (C:\Users\PeRsO\Desktop\jsreportapp\node_modules\cors\lib\index.js:214:15)
    at C:\Users\PeRsO\Desktop\jsreportapp\node_modules\cors\lib\index.js:219:13
    at optionsCallback (C:\Users\PeRsO\Desktop\jsreportapp\node_modules\cors\lib\index.js:199:9)
    at corsMiddleware (C:\Users\PeRsO\Desktop\jsreportapp\node_modules\cors\lib\index.js:204:7)
